Using pre-set license
Built from '2020.3/release' branch; Version is '2020.3.2f1 (8fd9074bf66c) revision 9427207'; Using compiler version '192528614'; Build Type 'Release'
OS: 'Windows 10 Pro; OS build 19042.1052; Version 2009; 64bit' Language: 'en' Physical Memory: 49069 MB
BatchMode: 1, IsHumanControllingUs: 0, StartBugReporterOnCrash: 0, Is64bit: 1, IsPro: 0

 COMMAND LINE ARGUMENTS:
C:\Program Files\Unity\Hub\Editor\2020.3.2f1\Editor\Unity.exe
-adb2
-batchMode
-noUpm
-name
AssetImportWorker0
-projectPath
G:/Unity/GitHub/CS/APR21-XRDEV-AN-ARFoundation/APR21-XRDEV-AN-ARFoundation
-logFile
Logs/AssetImportWorker0.log
-srvPort
53005
Successfully changed project path to: G:/Unity/GitHub/CS/APR21-XRDEV-AN-ARFoundation/APR21-XRDEV-AN-ARFoundation
G:/Unity/GitHub/CS/APR21-XRDEV-AN-ARFoundation/APR21-XRDEV-AN-ARFoundation
Using Asset Import Pipeline V2.
Refreshing native plugins compatible for Editor in 31.38 ms, found 0 plugins.
Preloading 0 native plugins for Editor in 0.00 ms.
Initialize engine version: 2020.3.2f1 (8fd9074bf66c)
[Subsystems] Discovering subsystems at path C:/Program Files/Unity/Hub/Editor/2020.3.2f1/Editor/Data/Resources/UnitySubsystems
[Subsystems] Discovering subsystems at path G:/Unity/GitHub/CS/APR21-XRDEV-AN-ARFoundation/APR21-XRDEV-AN-ARFoundation/Assets
GfxDevice: creating device client; threaded=0
Direct3D:
    Version:  Direct3D 11.0 [level 11.1]
    Renderer: NVIDIA GeForce RTX 3060 Ti (ID=0x2486)
    Vendor:   
    VRAM:     8050 MB
    Driver:   27.21.14.6140
Initialize mono
Mono path[0] = 'C:/Program Files/Unity/Hub/Editor/2020.3.2f1/Editor/Data/Managed'
Mono path[1] = 'C:/Program Files/Unity/Hub/Editor/2020.3.2f1/Editor/Data/MonoBleedingEdge/lib/mono/unityjit'
Mono config path = 'C:/Program Files/Unity/Hub/Editor/2020.3.2f1/Editor/Data/MonoBleedingEdge/etc'
Using monoOptions --debugger-agent=transport=dt_socket,embedding=1,server=y,suspend=n,address=127.0.0.1:56676
Begin MonoManager ReloadAssembly
Registering precompiled unity dll's ...
Register platform support module: C:/Program Files/Unity/Hub/Editor/2020.3.2f1/Editor/Data/PlaybackEngines/WebGLSupport/UnityEditor.WebGL.Extensions.dll
Register platform support module: C:/Program Files/Unity/Hub/Editor/2020.3.2f1/Editor/Data/PlaybackEngines/WindowsStandaloneSupport/UnityEditor.WindowsStandalone.Extensions.dll
Registered in 0.005057 seconds.
Native extension for WindowsStandalone target not found
Native extension for WebGL target not found
Refreshing native plugins compatible for Editor in 29.82 ms, found 0 plugins.
Preloading 0 native plugins for Editor in 0.00 ms.
Invoked RoslynAnalysisRunner static constructor.
RoslynAnalysisRunner will not be running.
RoslynAnalysisRunner has terminated.
Mono: successfully reloaded assembly
- Completed reload, in  2.690 seconds
Platform modules already initialized, skipping
Registering precompiled user dll's ...
Registered in 0.000729 seconds.
Begin MonoManager ReloadAssembly
Native extension for WindowsStandalone target not found
Native extension for WebGL target not found
Refreshing native plugins compatible for Editor in 0.69 ms, found 0 plugins.
Preloading 0 native plugins for Editor in 0.00 ms.
Invoked RoslynAnalysisRunner static constructor.
RoslynAnalysisRunner will not be running.
RoslynAnalysisRunner has terminated.
Mono: successfully reloaded assembly
- Completed reload, in  1.431 seconds
Platform modules already initialized, skipping
========================================================================
Worker process is ready to serve import requests
Launched and connected shader compiler UnityShaderCompiler.exe after 0.10 seconds
Refreshing native plugins compatible for Editor in 0.84 ms, found 0 plugins.
Preloading 0 native plugins for Editor in 0.00 ms.
Unloading 1451 Unused Serialized files (Serialized files now loaded: 0)
System memory in use before: 67.4 MB.
System memory in use after: 67.4 MB.

Unloading 12 unused Assets to reduce memory usage. Loaded Objects now: 1893.
Total: 7.005400 ms (FindLiveObjects: 2.049800 ms CreateObjectMapping: 0.279300 ms MarkObjects: 4.581700 ms  DeleteObjects: 0.093300 ms)

========================================================================
Received Import Request.
  path: Assets/ARRobots/Scenes
  artifactKey: Guid(3c539ddc30061d142beaf2d967fa447a) Importer(815301076,1909f56bfc062723c751e8b465ee728b)
Start importing Assets/ARRobots/Scenes using Guid(3c539ddc30061d142beaf2d967fa447a) Importer(815301076,1909f56bfc062723c751e8b465ee728b)  -> (artifact id: '8cc9ddfb2e3b0349dcc94d2cffdc2e39') in 0.030665 seconds
  Import took 0.043606 seconds .

========================================================================
Received Import Request.
  Time since last request: 0.000262 seconds.
  path: Assets/ARRobots
  artifactKey: Guid(11fcb1c3b836a407ab8595e2b07803a6) Importer(815301076,1909f56bfc062723c751e8b465ee728b)
Start importing Assets/ARRobots using Guid(11fcb1c3b836a407ab8595e2b07803a6) Importer(815301076,1909f56bfc062723c751e8b465ee728b)  -> (artifact id: '7bade2c2f4ac1eab97c35b4012a28931') in 0.041546 seconds
  Import took 0.059873 seconds .

========================================================================
Received Import Request.
  Time since last request: 2.772875 seconds.
  path: Assets/ARRobots/Scripts
  artifactKey: Guid(4bc7d59ec2a59de47bad010079b47377) Importer(815301076,1909f56bfc062723c751e8b465ee728b)
Start importing Assets/ARRobots/Scripts using Guid(4bc7d59ec2a59de47bad010079b47377) Importer(815301076,1909f56bfc062723c751e8b465ee728b)  -> (artifact id: '1621c25370a1860338d4ba5fd6b8575f') in 0.020430 seconds
  Import took 0.025070 seconds .

========================================================================
Received Import Request.
  Time since last request: 10.551955 seconds.
  path: Assets/ARRobots/Scenes/ARRobot.unity
  artifactKey: Guid(8ac84c99f94c74f4b994ced6f4cd1b9e) Importer(815301076,1909f56bfc062723c751e8b465ee728b)
Start importing Assets/ARRobots/Scenes/ARRobot.unity using Guid(8ac84c99f94c74f4b994ced6f4cd1b9e) Importer(815301076,1909f56bfc062723c751e8b465ee728b)  -> (artifact id: '4850bb7dba0a401703d5c7a9039070c2') in 0.058328 seconds
  Import took 0.062556 seconds .

========================================================================
Received Import Request.
  Time since last request: 155.615332 seconds.
  path: Assets/ARRobots/Prefabs/ARPlane.prefab
  artifactKey: Guid(a103d1a8fab49a14aa278e5a3af56b3e) Importer(815301076,1909f56bfc062723c751e8b465ee728b)
Start importing Assets/ARRobots/Prefabs/ARPlane.prefab using Guid(a103d1a8fab49a14aa278e5a3af56b3e) Importer(815301076,1909f56bfc062723c751e8b465ee728b)  -> (artifact id: 'fc7990e8819ed06ccaed72ccf8fac38e') in 0.066881 seconds
  Import took 0.070880 seconds .

========================================================================
Received Import Request.
  Time since last request: 0.000263 seconds.
  path: Assets/ARRobots/Prefabs/Obstacle.prefab
  artifactKey: Guid(6830e3f13c82048fe8b4e89416bfcea5) Importer(815301076,1909f56bfc062723c751e8b465ee728b)
Start importing Assets/ARRobots/Prefabs/Obstacle.prefab using Guid(6830e3f13c82048fe8b4e89416bfcea5) Importer(815301076,1909f56bfc062723c751e8b465ee728b)  -> (artifact id: 'c39d50eef9d956fe8c2da9353034a308') in 0.891032 seconds
  Import took 0.893995 seconds .

========================================================================
Received Import Request.
  Time since last request: 534.737102 seconds.
  path: Assets/ARRobots/Materials/Brown.mat
  artifactKey: Guid(6e8c05cbed7844eccac0f2d5bc468ff7) Importer(815301076,1909f56bfc062723c751e8b465ee728b)
Start importing Assets/ARRobots/Materials/Brown.mat using Guid(6e8c05cbed7844eccac0f2d5bc468ff7) Importer(815301076,1909f56bfc062723c751e8b465ee728b)  -> (artifact id: '0667be8d0f493cb26114dca8b4db5153') in 0.075701 seconds
  Import took 0.082209 seconds .

========================================================================
Received Import Request.
  Time since last request: 0.002196 seconds.
  path: Assets/ARRobots/Materials/TransparentPlane.mat
  artifactKey: Guid(f4c378bb4f5ef504ab057422c225e7cf) Importer(815301076,1909f56bfc062723c751e8b465ee728b)
Start importing Assets/ARRobots/Materials/TransparentPlane.mat using Guid(f4c378bb4f5ef504ab057422c225e7cf) Importer(815301076,1909f56bfc062723c751e8b465ee728b)  -> (artifact id: 'ca1e0808baf0b6499abdf90086621b51') in 0.413033 seconds
  Import took 0.422293 seconds .

========================================================================
Received Import Request.
  Time since last request: 0.010962 seconds.
  path: Assets/ARRobots/Materials/TransparentPlane.mat
  artifactKey: Guid(f4c378bb4f5ef504ab057422c225e7cf) Importer(815301076,1909f56bfc062723c751e8b465ee728b)
Start importing Assets/ARRobots/Materials/TransparentPlane.mat using Guid(f4c378bb4f5ef504ab057422c225e7cf) Importer(815301076,1909f56bfc062723c751e8b465ee728b)  -> (artifact id: 'ca1e0808baf0b6499abdf90086621b51') in 0.043309 seconds
  Import took 0.048694 seconds .

========================================================================
Received Import Request.
  Time since last request: 94.242027 seconds.
  path: Assets/ARRobots/Scripts/TapToPlace.cs
  artifactKey: Guid(2fc767b9c1fc5154db40d9685a6ccd11) Importer(815301076,1909f56bfc062723c751e8b465ee728b)
Start importing Assets/ARRobots/Scripts/TapToPlace.cs using Guid(2fc767b9c1fc5154db40d9685a6ccd11) Importer(815301076,1909f56bfc062723c751e8b465ee728b)  -> (artifact id: '8ec4555891355c93519bb29fbee706bd') in 0.095217 seconds
  Import took 0.103525 seconds .

========================================================================
Received Import Request.
  Time since last request: 0.008089 seconds.
  path: Assets/ARRobots/Scripts/TapToPlace.cs
  artifactKey: Guid(2fc767b9c1fc5154db40d9685a6ccd11) Importer(815301076,1909f56bfc062723c751e8b465ee728b)
Start importing Assets/ARRobots/Scripts/TapToPlace.cs using Guid(2fc767b9c1fc5154db40d9685a6ccd11) Importer(815301076,1909f56bfc062723c751e8b465ee728b)  -> (artifact id: '8ec4555891355c93519bb29fbee706bd') in 0.025381 seconds
  Import took 0.028224 seconds .

========================================================================
Received Prepare
Registering precompiled user dll's ...
Registered in 0.001437 seconds.
Begin MonoManager ReloadAssembly
Native extension for WindowsStandalone target not found
Native extension for WebGL target not found
Refreshing native plugins compatible for Editor in 0.40 ms, found 0 plugins.
Preloading 0 native plugins for Editor in 0.00 ms.
Invoked RoslynAnalysisRunner static constructor.
RoslynAnalysisRunner will not be running.
RoslynAnalysisRunner has terminated.
Mono: successfully reloaded assembly
- Completed reload, in  1.313 seconds
Platform modules already initialized, skipping
Refreshing native plugins compatible for Editor in 0.84 ms, found 0 plugins.
Preloading 0 native plugins for Editor in 0.00 ms.
Unloading 1443 Unused Serialized files (Serialized files now loaded: 0)
System memory in use before: 70.5 MB.
System memory in use after: 70.6 MB.

Unloading 7 unused Assets to reduce memory usage. Loaded Objects now: 1939.
Total: 5.928700 ms (FindLiveObjects: 0.583900 ms CreateObjectMapping: 0.285500 ms MarkObjects: 4.975600 ms  DeleteObjects: 0.081400 ms)

========================================================================
Received Prepare
Registering precompiled user dll's ...
Registered in 0.011421 seconds.
Begin MonoManager ReloadAssembly
Native extension for WindowsStandalone target not found
Native extension for WebGL target not found
Refreshing native plugins compatible for Editor in 0.35 ms, found 0 plugins.
Preloading 0 native plugins for Editor in 0.00 ms.
Invoked RoslynAnalysisRunner static constructor.
RoslynAnalysisRunner will not be running.
RoslynAnalysisRunner has terminated.
Mono: successfully reloaded assembly
- Completed reload, in  1.295 seconds
Platform modules already initialized, skipping
Refreshing native plugins compatible for Editor in 0.35 ms, found 0 plugins.
Preloading 0 native plugins for Editor in 0.00 ms.
Unloading 1443 Unused Serialized files (Serialized files now loaded: 0)
System memory in use before: 70.6 MB.
System memory in use after: 70.6 MB.

Unloading 7 unused Assets to reduce memory usage. Loaded Objects now: 1943.
Total: 3.430200 ms (FindLiveObjects: 0.224600 ms CreateObjectMapping: 0.083000 ms MarkObjects: 3.026100 ms  DeleteObjects: 0.094400 ms)

========================================================================
Received Import Request.
  Time since last request: 1213.485788 seconds.
  path: Assets/ARRobots/MyAssets/RobotSphere/Assets/Prefab/RobotTouchSphere.prefab
  artifactKey: Guid(4f8660b045afc1644a4a8de8e78e8d25) Importer(815301076,1909f56bfc062723c751e8b465ee728b)
Start importing Assets/ARRobots/MyAssets/RobotSphere/Assets/Prefab/RobotTouchSphere.prefab using Guid(4f8660b045afc1644a4a8de8e78e8d25) Importer(815301076,1909f56bfc062723c751e8b465ee728b)  -> (artifact id: 'f9d45b48dd07cb41bd9040a74da3aa7f') in 1.277522 seconds
  Import took 1.293567 seconds .

========================================================================
Received Import Request.
  Time since last request: 8.817879 seconds.
  path: Assets/ARRobots/MyAssets/RobotSphere/Assets/Prefab/RobotTouchSphere.prefab
  artifactKey: Guid(4f8660b045afc1644a4a8de8e78e8d25) Importer(815301076,1909f56bfc062723c751e8b465ee728b)
Start importing Assets/ARRobots/MyAssets/RobotSphere/Assets/Prefab/RobotTouchSphere.prefab using Guid(4f8660b045afc1644a4a8de8e78e8d25) Importer(815301076,1909f56bfc062723c751e8b465ee728b)  -> (artifact id: '636b9f6a6607a38f50b60b339f375bca') in 0.281592 seconds
  Import took 0.294810 seconds .

========================================================================
Received Import Request.
  Time since last request: 6.145360 seconds.
  path: Assets/ARRobots/MyAssets/RobotSphere/Assets
  artifactKey: Guid(c65ada579c5f442c7a930662cc01abd0) Importer(815301076,1909f56bfc062723c751e8b465ee728b)
Start importing Assets/ARRobots/MyAssets/RobotSphere/Assets using Guid(c65ada579c5f442c7a930662cc01abd0) Importer(815301076,1909f56bfc062723c751e8b465ee728b)  -> (artifact id: 'ebc06bddac069ecfe79555064bd677ce') in 0.026409 seconds
  Import took 0.028928 seconds .

========================================================================
Received Import Request.
  Time since last request: 1.286810 seconds.
  path: Assets/ARRobots/MyAssets/RobotSphere/Assets/Models
  artifactKey: Guid(a8a452013fb7f4f8883e1eb313159657) Importer(815301076,1909f56bfc062723c751e8b465ee728b)
Start importing Assets/ARRobots/MyAssets/RobotSphere/Assets/Models using Guid(a8a452013fb7f4f8883e1eb313159657) Importer(815301076,1909f56bfc062723c751e8b465ee728b)  -> (artifact id: 'b292d6f9c920ff24190d5a7f957b5a82') in 0.019842 seconds
  Import took 0.022672 seconds .

========================================================================
Received Import Request.
  Time since last request: 0.058273 seconds.
  path: Assets/ARRobots/MyAssets/RobotSphere/Assets/Models/robotSphere.fbx
  artifactKey: Guid(bff429107601444d59c67940e6ad78c4) Importer(815301076,1909f56bfc062723c751e8b465ee728b)
Start importing Assets/ARRobots/MyAssets/RobotSphere/Assets/Models/robotSphere.fbx using Guid(bff429107601444d59c67940e6ad78c4) Importer(815301076,1909f56bfc062723c751e8b465ee728b)  -> (artifact id: 'fd2004e5602428f1b6dfdf9538c35b31') in 0.323274 seconds
  Import took 0.328514 seconds .

========================================================================
Received Import Request.
  Time since last request: 118.433143 seconds.
  path: Assets/ARRobots/MyAssets/Joystick Pack/Prefabs/Fixed Joystick.prefab
  artifactKey: Guid(aaa2c939c0359ac4dbce3f49e8b90252) Importer(815301076,1909f56bfc062723c751e8b465ee728b)
Start importing Assets/ARRobots/MyAssets/Joystick Pack/Prefabs/Fixed Joystick.prefab using Guid(aaa2c939c0359ac4dbce3f49e8b90252) Importer(815301076,1909f56bfc062723c751e8b465ee728b)  -> (artifact id: 'b363fa38606df6ad2d5916ab0ce17d16') in 0.036500 seconds
  Import took 0.040240 seconds .

========================================================================
Received Import Request.
  Time since last request: 44.091821 seconds.
  path: Assets/ARRobots/Scripts/RobotTouchController.cs
  artifactKey: Guid(bff6c9c192a9748489e2817c47a43868) Importer(815301076,1909f56bfc062723c751e8b465ee728b)
Start importing Assets/ARRobots/Scripts/RobotTouchController.cs using Guid(bff6c9c192a9748489e2817c47a43868) Importer(815301076,1909f56bfc062723c751e8b465ee728b)  -> (artifact id: 'd9b838700c2ca89dfd41c701d2debc8f') in 0.057766 seconds
  Import took 0.061993 seconds .

========================================================================
Received Prepare
Registering precompiled user dll's ...
Registered in 0.000944 seconds.
Begin MonoManager ReloadAssembly
Native extension for WindowsStandalone target not found
Native extension for WebGL target not found
Refreshing native plugins compatible for Editor in 0.56 ms, found 0 plugins.
Preloading 0 native plugins for Editor in 0.00 ms.
Invoked RoslynAnalysisRunner static constructor.
RoslynAnalysisRunner will not be running.
RoslynAnalysisRunner has terminated.
Mono: successfully reloaded assembly
- Completed reload, in  1.869 seconds
Platform modules already initialized, skipping
Refreshing native plugins compatible for Editor in 0.38 ms, found 0 plugins.
Preloading 0 native plugins for Editor in 0.00 ms.
Unloading 1444 Unused Serialized files (Serialized files now loaded: 0)
System memory in use before: 71.3 MB.
System memory in use after: 71.4 MB.

Unloading 7 unused Assets to reduce memory usage. Loaded Objects now: 1953.
Total: 82.245900 ms (FindLiveObjects: 3.447000 ms CreateObjectMapping: 1.307800 ms MarkObjects: 77.192200 ms  DeleteObjects: 0.296000 ms)

========================================================================
Received Prepare
Registering precompiled user dll's ...
Registered in 0.000832 seconds.
Begin MonoManager ReloadAssembly
Native extension for WindowsStandalone target not found
Native extension for WebGL target not found
Refreshing native plugins compatible for Editor in 0.47 ms, found 0 plugins.
Preloading 0 native plugins for Editor in 0.00 ms.
Invoked RoslynAnalysisRunner static constructor.
RoslynAnalysisRunner will not be running.
RoslynAnalysisRunner has terminated.
Mono: successfully reloaded assembly
- Completed reload, in  1.525 seconds
Platform modules already initialized, skipping
Refreshing native plugins compatible for Editor in 0.34 ms, found 0 plugins.
Preloading 0 native plugins for Editor in 0.00 ms.
Unloading 1444 Unused Serialized files (Serialized files now loaded: 0)
System memory in use before: 71.3 MB.
System memory in use after: 71.4 MB.

Unloading 7 unused Assets to reduce memory usage. Loaded Objects now: 1957.
Total: 2.784700 ms (FindLiveObjects: 0.259000 ms CreateObjectMapping: 0.067000 ms MarkObjects: 2.390000 ms  DeleteObjects: 0.067200 ms)

========================================================================
Received Import Request.
  Time since last request: 535.811662 seconds.
  path: Assets/ARRobots/MyAssets/RobotSphere/Assets/Models/Animation/robotSphere@anim_cloed_Roll_Loop.fbx
  artifactKey: Guid(a39d150aebfb4ce449f4a4f23709b822) Importer(815301076,1909f56bfc062723c751e8b465ee728b)
Start importing Assets/ARRobots/MyAssets/RobotSphere/Assets/Models/Animation/robotSphere@anim_cloed_Roll_Loop.fbx using Guid(a39d150aebfb4ce449f4a4f23709b822) Importer(815301076,1909f56bfc062723c751e8b465ee728b)  -> (artifact id: 'bfc2e305edc4bb026223e926b165a857') in 0.711852 seconds
  Import took 0.716408 seconds .

========================================================================
Received Import Request.
  Time since last request: 0.000268 seconds.
  path: Assets/ARRobots/MyAssets/RobotSphere/Assets/Models/Animation/robotSphere@anim_open.fbx
  artifactKey: Guid(ecb6e102166bfcf47b9206c2f8297fc1) Importer(815301076,1909f56bfc062723c751e8b465ee728b)
Start importing Assets/ARRobots/MyAssets/RobotSphere/Assets/Models/Animation/robotSphere@anim_open.fbx using Guid(ecb6e102166bfcf47b9206c2f8297fc1) Importer(815301076,1909f56bfc062723c751e8b465ee728b)  -> (artifact id: '0bde29659754842ecf61c352b74d2f0a') in 0.281097 seconds
  Import took 0.284900 seconds .

========================================================================
Received Import Request.
  Time since last request: 0.000221 seconds.
  path: Assets/ARRobots/MyAssets/RobotSphere/Assets/Models/Animation/robotSphere@anim_close.fbx
  artifactKey: Guid(d7222f7175ac71943b44f3d2f8ae3453) Importer(815301076,1909f56bfc062723c751e8b465ee728b)
Start importing Assets/ARRobots/MyAssets/RobotSphere/Assets/Models/Animation/robotSphere@anim_close.fbx using Guid(d7222f7175ac71943b44f3d2f8ae3453) Importer(815301076,1909f56bfc062723c751e8b465ee728b)  -> (artifact id: 'f4a65416be63ccb6faef8fd2ffd7e9aa') in 0.410265 seconds
  Import took 0.414694 seconds .

========================================================================
Received Import Request.
  Time since last request: 0.000298 seconds.
  path: Assets/ARRobots/MyAssets/RobotSphere/Assets/Models/Animation/robotSphere@anim_open_GoToRoll.fbx
  artifactKey: Guid(f2fc0388a7c562e4fa0d179ac93423ba) Importer(815301076,1909f56bfc062723c751e8b465ee728b)
Start importing Assets/ARRobots/MyAssets/RobotSphere/Assets/Models/Animation/robotSphere@anim_open_GoToRoll.fbx using Guid(f2fc0388a7c562e4fa0d179ac93423ba) Importer(815301076,1909f56bfc062723c751e8b465ee728b)  -> (artifact id: '64c979ff8a63fd3edb3face0ec5d2735') in 0.370520 seconds
  Import took 0.375868 seconds .

========================================================================
Received Import Request.
  Time since last request: 0.000219 seconds.
  path: Assets/ARRobots/MyAssets/RobotSphere/Assets/Models/Animation/robotSphere@anim_open_Walk_Loop.fbx
  artifactKey: Guid(757bc78a1e5310740a2eee895c77111c) Importer(815301076,1909f56bfc062723c751e8b465ee728b)
Start importing Assets/ARRobots/MyAssets/RobotSphere/Assets/Models/Animation/robotSphere@anim_open_Walk_Loop.fbx using Guid(757bc78a1e5310740a2eee895c77111c) Importer(815301076,1909f56bfc062723c751e8b465ee728b)  -> (artifact id: '142183d9ebde1f3258653a75f295c69e') in 0.236347 seconds
  Import took 0.240320 seconds .

========================================================================
Received Import Request.
  Time since last request: 0.000271 seconds.
  path: Assets/ARRobots/MyAssets/RobotSphere/Assets/Models/Animation/robotSphere@anim_Idle_Loop_S.fbx
  artifactKey: Guid(52ad55bee0260b64da664da407ed38b4) Importer(815301076,1909f56bfc062723c751e8b465ee728b)
Start importing Assets/ARRobots/MyAssets/RobotSphere/Assets/Models/Animation/robotSphere@anim_Idle_Loop_S.fbx using Guid(52ad55bee0260b64da664da407ed38b4) Importer(815301076,1909f56bfc062723c751e8b465ee728b)  -> (artifact id: 'aa416280bc7edc3d5c3bf2b0cb277445') in 0.220204 seconds
  Import took 0.223599 seconds .

========================================================================
Received Import Request.
  Time since last request: 0.000216 seconds.
  path: Assets/ARRobots/MyAssets/RobotSphere/Assets/Models/Animation/robotSphere@anim_closed_StopRoll.fbx
  artifactKey: Guid(a04d47ebf8b64cc4a94b13a384a37882) Importer(815301076,1909f56bfc062723c751e8b465ee728b)
Start importing Assets/ARRobots/MyAssets/RobotSphere/Assets/Models/Animation/robotSphere@anim_closed_StopRoll.fbx using Guid(a04d47ebf8b64cc4a94b13a384a37882) Importer(815301076,1909f56bfc062723c751e8b465ee728b)  -> (artifact id: '1d05d7d70a8b1161c5ada8f448cc1216') in 0.264966 seconds
  Import took 0.268961 seconds .

========================================================================
Received Import Request.
  Time since last request: 0.399778 seconds.
  path: Assets/ARRobots/MyAssets/RobotSphere/Assets/Models/Animation/robotSphereAnmCont.controller
  artifactKey: Guid(8df5b386369d54778a922298504d1aba) Importer(815301076,1909f56bfc062723c751e8b465ee728b)
Start importing Assets/ARRobots/MyAssets/RobotSphere/Assets/Models/Animation/robotSphereAnmCont.controller using Guid(8df5b386369d54778a922298504d1aba) Importer(815301076,1909f56bfc062723c751e8b465ee728b)  -> (artifact id: '35c14d56da6fc7ea792a89c5ae073ffb') in 0.076462 seconds
  Import took 0.079803 seconds .

========================================================================
Received Prepare
Registering precompiled user dll's ...
Registered in 0.002010 seconds.
Begin MonoManager ReloadAssembly
Native extension for WindowsStandalone target not found
Native extension for WebGL target not found
Refreshing native plugins compatible for Editor in 0.31 ms, found 0 plugins.
Preloading 0 native plugins for Editor in 0.00 ms.
Invoked RoslynAnalysisRunner static constructor.
RoslynAnalysisRunner will not be running.
RoslynAnalysisRunner has terminated.
Mono: successfully reloaded assembly
- Completed reload, in  1.268 seconds
Platform modules already initialized, skipping
Refreshing native plugins compatible for Editor in 0.35 ms, found 0 plugins.
Preloading 0 native plugins for Editor in 0.00 ms.
Unloading 1444 Unused Serialized files (Serialized files now loaded: 0)
System memory in use before: 71.8 MB.
System memory in use after: 71.9 MB.

Unloading 8 unused Assets to reduce memory usage. Loaded Objects now: 1962.
Total: 13.048500 ms (FindLiveObjects: 10.132900 ms CreateObjectMapping: 0.273900 ms MarkObjects: 2.506800 ms  DeleteObjects: 0.094400 ms)

========================================================================
Received Prepare
Registering precompiled user dll's ...
Registered in 0.000731 seconds.
Begin MonoManager ReloadAssembly
Native extension for WindowsStandalone target not found
Native extension for WebGL target not found
Refreshing native plugins compatible for Editor in 0.47 ms, found 0 plugins.
Preloading 0 native plugins for Editor in 0.00 ms.
Invoked RoslynAnalysisRunner static constructor.
RoslynAnalysisRunner will not be running.
RoslynAnalysisRunner has terminated.
Mono: successfully reloaded assembly
- Completed reload, in  1.566 seconds
Platform modules already initialized, skipping
Refreshing native plugins compatible for Editor in 0.38 ms, found 0 plugins.
Preloading 0 native plugins for Editor in 0.00 ms.
Unloading 1444 Unused Serialized files (Serialized files now loaded: 0)
System memory in use before: 71.8 MB.
System memory in use after: 71.9 MB.

Unloading 7 unused Assets to reduce memory usage. Loaded Objects now: 1966.
Total: 5.502800 ms (FindLiveObjects: 0.565400 ms CreateObjectMapping: 0.138800 ms MarkObjects: 4.715700 ms  DeleteObjects: 0.080800 ms)

========================================================================
Received Import Request.
  Time since last request: 739.438091 seconds.
  path: Assets/ARRobots/MyAssets/RobotSphere/Assets/Prefab/RobotTouchSphere.prefab
  artifactKey: Guid(4f8660b045afc1644a4a8de8e78e8d25) Importer(815301076,1909f56bfc062723c751e8b465ee728b)
Start importing Assets/ARRobots/MyAssets/RobotSphere/Assets/Prefab/RobotTouchSphere.prefab using Guid(4f8660b045afc1644a4a8de8e78e8d25) Importer(815301076,1909f56bfc062723c751e8b465ee728b)  -> (artifact id: 'f8d9b55552b2685702fb03bfd6998333') in 0.137988 seconds
  Import took 0.152700 seconds .

========================================================================
Received Prepare
Registering precompiled user dll's ...
Registered in 0.000921 seconds.
Begin MonoManager ReloadAssembly
Native extension for WindowsStandalone target not found
Native extension for WebGL target not found
Refreshing native plugins compatible for Editor in 0.70 ms, found 0 plugins.
Preloading 0 native plugins for Editor in 0.00 ms.
Invoked RoslynAnalysisRunner static constructor.
RoslynAnalysisRunner will not be running.
RoslynAnalysisRunner has terminated.
Mono: successfully reloaded assembly
- Completed reload, in  2.394 seconds
Platform modules already initialized, skipping
Switching build target platform(5) subTarget(0) extendedPlatform(0) -> platform(13) subTarget(537395200) extendedPlatform(0)
Refreshing native plugins compatible for Editor in 17.92 ms, found 0 plugins.
Preloading 0 native plugins for Editor in 0.00 ms.
Unloading 1448 Unused Serialized files (Serialized files now loaded: 0)
System memory in use before: 71.8 MB.
System memory in use after: 71.8 MB.

Unloading 7 unused Assets to reduce memory usage. Loaded Objects now: 1971.
Total: 10.960900 ms (FindLiveObjects: 0.309000 ms CreateObjectMapping: 0.075400 ms MarkObjects: 10.503100 ms  DeleteObjects: 0.070800 ms)

AssetImportParameters requested are different than current active one (requested -> active):
  custom:graphics/normal-map-encoding: 01000000000000000000000000000000 -> 02000000000000000000000000000000
========================================================================
Received Prepare
Refreshing native plugins compatible for Editor in 0.88 ms, found 0 plugins.
Preloading 0 native plugins for Editor in 0.00 ms.
Unloading 4 Unused Serialized files (Serialized files now loaded: 0)
System memory in use before: 42.5 MB.
System memory in use after: 42.6 MB.

Unloading 4 unused Assets to reduce memory usage. Loaded Objects now: 1971.
Total: 3.016700 ms (FindLiveObjects: 0.286800 ms CreateObjectMapping: 0.105400 ms MarkObjects: 2.566700 ms  DeleteObjects: 0.056000 ms)

========================================================================
Received Prepare
Switching build target platform(13) subTarget(537395200) extendedPlatform(0) -> platform(13) subTarget(524288) extendedPlatform(0)
Refreshing native plugins compatible for Editor in 0.70 ms, found 0 plugins.
Preloading 0 native plugins for Editor in 0.00 ms.
Unloading 4 Unused Serialized files (Serialized files now loaded: 0)
System memory in use before: 42.5 MB.
System memory in use after: 42.6 MB.

Unloading 4 unused Assets to reduce memory usage. Loaded Objects now: 1971.
Total: 5.705300 ms (FindLiveObjects: 0.181900 ms CreateObjectMapping: 0.127500 ms MarkObjects: 5.311600 ms  DeleteObjects: 0.082200 ms)

AssetImportParameters requested are different than current active one (requested -> active):
  buildTarget: platform 13, subtarget 524288, extendedPlatform 0 -> platform 13, subtarget 537395200, extendedPlatform 0
  graphicsApiMask: 2048 -> 2099200
========================================================================
Received Prepare
Refreshing native plugins compatible for Editor in 0.64 ms, found 0 plugins.
Preloading 0 native plugins for Editor in 0.00 ms.
Unloading 4 Unused Serialized files (Serialized files now loaded: 0)
System memory in use before: 42.6 MB.
System memory in use after: 42.7 MB.

Unloading 3 unused Assets to reduce memory usage. Loaded Objects now: 1972.
Total: 19.239600 ms (FindLiveObjects: 0.259300 ms CreateObjectMapping: 0.054000 ms MarkObjects: 18.854400 ms  DeleteObjects: 0.069300 ms)

========================================================================
Received Prepare
Registering precompiled user dll's ...
Registered in 0.000776 seconds.
Begin MonoManager ReloadAssembly
Native extension for WindowsStandalone target not found
Native extension for WebGL target not found
Refreshing native plugins compatible for Editor in 0.35 ms, found 0 plugins.
Preloading 0 native plugins for Editor in 0.00 ms.
Invoked RoslynAnalysisRunner static constructor.
RoslynAnalysisRunner will not be running.
RoslynAnalysisRunner has terminated.
Mono: successfully reloaded assembly
- Completed reload, in  1.227 seconds
Platform modules already initialized, skipping
Switching build target platform(5) subTarget(0) extendedPlatform(0) -> platform(13) subTarget(524288) extendedPlatform(0)
Refreshing native plugins compatible for Editor in 0.29 ms, found 0 plugins.
Preloading 0 native plugins for Editor in 0.00 ms.
Unloading 1447 Unused Serialized files (Serialized files now loaded: 0)
System memory in use before: 71.7 MB.
System memory in use after: 71.8 MB.

Unloading 6 unused Assets to reduce memory usage. Loaded Objects now: 1976.
Total: 2.096700 ms (FindLiveObjects: 0.198500 ms CreateObjectMapping: 0.063600 ms MarkObjects: 1.705900 ms  DeleteObjects: 0.126700 ms)

AssetImportParameters requested are different than current active one (requested -> active):
  custom:graphics/normal-map-encoding: 01000000000000000000000000000000 -> 02000000000000000000000000000000
========================================================================
Received Prepare
Refreshing native plugins compatible for Editor in 0.64 ms, found 0 plugins.
Preloading 0 native plugins for Editor in 0.00 ms.
Unloading 3 Unused Serialized files (Serialized files now loaded: 0)
System memory in use before: 42.5 MB.
System memory in use after: 42.6 MB.

Unloading 3 unused Assets to reduce memory usage. Loaded Objects now: 1976.
Total: 56.147700 ms (FindLiveObjects: 0.289300 ms CreateObjectMapping: 0.101700 ms MarkObjects: 55.684000 ms  DeleteObjects: 0.071400 ms)

========================================================================
Received Prepare
Trying to reload asset but can't find object on disk

Trying to reload asset but can't find object on disk

Trying to reload asset but can't find object on disk

Trying to reload asset but can't find object on disk

Trying to reload asset but can't find object on disk

Trying to reload asset but can't find object on disk

Trying to reload asset but can't find object on disk

Trying to reload asset but can't find object on disk

Trying to reload asset but can't find object on disk

Trying to reload asset but can't find object on disk

Trying to reload asset but can't find object on disk

Trying to reload asset but can't find object on disk

Trying to reload asset but can't find object on disk

Trying to reload asset but can't find object on disk

Trying to reload asset but can't find object on disk

Trying to reload asset but can't find object on disk

Trying to reload asset but can't find object on disk

Trying to reload asset but can't find object on disk

Registering precompiled user dll's ...
Registered in 0.000919 seconds.
Begin MonoManager ReloadAssembly
Native extension for WindowsStandalone target not found
Native extension for WebGL target not found
Refreshing native plugins compatible for Editor in 0.21 ms, found 0 plugins.
Preloading 0 native plugins for Editor in 0.00 ms.
Invoked RoslynAnalysisRunner static constructor.
RoslynAnalysisRunner will not be running.
RoslynAnalysisRunner has terminated.
Mono: successfully reloaded assembly
- Completed reload, in  1.010 seconds
Platform modules already initialized, skipping
Switching build target platform(5) subTarget(0) extendedPlatform(0) -> platform(13) subTarget(524288) extendedPlatform(0)
Refreshing native plugins compatible for Editor in 1.59 ms, found 0 plugins.
Preloading 0 native plugins for Editor in 0.00 ms.
Unloading 1114 Unused Serialized files (Serialized files now loaded: 0)
System memory in use before: 64.5 MB.
System memory in use after: 64.6 MB.

Unloading 264 unused Assets to reduce memory usage. Loaded Objects now: 1720.
Total: 4.609200 ms (FindLiveObjects: 0.242700 ms CreateObjectMapping: 0.072400 ms MarkObjects: 4.135000 ms  DeleteObjects: 0.157200 ms)

AssetImportParameters requested are different than current active one (requested -> active):
  custom:graphics/normal-map-encoding: 01000000000000000000000000000000 -> 02000000000000000000000000000000
